<?xml version="1.0" encoding="UTF-8"?>
<!-- Generated by org.testng.reporters.JUnitXMLReporter -->
<testsuite hostname="Prakhar-QA-Process" ignored="12" name="Default test" tests="1" failures="1" timestamp="31 Aug 2021 15:59:14 GMT" time="9.937" errors="0">
  <testcase name="verifyClickingOnBuyNowRedirectsUserToPopUpWindowTest" time="2.535" classname="Tests.HomePageTest">
    <failure type="java.lang.AssertionError" message="expected [20000] but found []">
      <![CDATA[java.lang.AssertionError: expected [20000] but found []
at org.testng.Assert.fail(Assert.java:96)
at org.testng.Assert.failNotEquals(Assert.java:776)
at org.testng.Assert.assertEqualsImpl(Assert.java:137)
at org.testng.Assert.assertEquals(Assert.java:118)
at org.testng.Assert.assertEquals(Assert.java:453)
at org.testng.Assert.assertEquals(Assert.java:463)
at Tests.HomePageTest.verifyClickingOnBuyNowRedirectsUserToPopUpWindowTest(HomePageTest.java:32)
at sun.reflect.NativeMethodAccessorImpl.invoke0(Native Method)
at sun.reflect.NativeMethodAccessorImpl.invoke(Unknown Source)
at sun.reflect.DelegatingMethodAccessorImpl.invoke(Unknown Source)
at java.lang.reflect.Method.invoke(Unknown Source)
at org.testng.internal.MethodInvocationHelper.invokeMethod(MethodInvocationHelper.java:124)
at org.testng.internal.Invoker.invokeMethod(Invoker.java:583)
at org.testng.internal.Invoker.invokeTestMethod(Invoker.java:719)
at org.testng.internal.Invoker.invokeTestMethods(Invoker.java:989)
at org.testng.internal.TestMethodWorker.invokeTestMethods(TestMethodWorker.java:125)
at org.testng.internal.TestMethodWorker.run(TestMethodWorker.java:109)
at org.testng.TestRunner.privateRun(TestRunner.java:648)
at org.testng.TestRunner.run(TestRunner.java:505)
at org.testng.SuiteRunner.runTest(SuiteRunner.java:455)
at org.testng.SuiteRunner.runSequentially(SuiteRunner.java:450)
at org.testng.SuiteRunner.privateRun(SuiteRunner.java:415)
at org.testng.SuiteRunner.run(SuiteRunner.java:364)
at org.testng.SuiteRunnerWorker.runSuite(SuiteRunnerWorker.java:52)
at org.testng.SuiteRunnerWorker.run(SuiteRunnerWorker.java:84)
at org.testng.TestNG.runSuitesSequentially(TestNG.java:1208)
at org.testng.TestNG.runSuitesLocally(TestNG.java:1137)
at org.testng.TestNG.runSuites(TestNG.java:1049)
at org.testng.TestNG.run(TestNG.java:1017)
at org.testng.remote.AbstractRemoteTestNG.run(AbstractRemoteTestNG.java:115)
at org.testng.remote.RemoteTestNG.initAndRun(RemoteTestNG.java:251)
at org.testng.remote.RemoteTestNG.main(RemoteTestNG.java:77)
]]>
    </failure>
  </testcase> <!-- verifyClickingOnBuyNowRedirectsUserToPopUpWindowTest -->
  <testcase name="verifyUserShouldBeAbleToEnterDetailsTest" time="0.0" classname="Tests.HomePageTest">
    <ignored/>
  </testcase> <!-- verifyUserShouldBeAbleToEnterDetailsTest -->
  <testcase name="verifyClickingOnCreditCardRedirectsToPaymentPageTest" time="0.0" classname="Tests.HomePageTest">
    <ignored/>
  </testcase> <!-- verifyClickingOnCreditCardRedirectsToPaymentPageTest -->
  <testcase name="verifyClickingOnCancelBtnFailedStatusMessageShouldBeVisible" time="0.0" classname="Tests.HomePageTest">
    <ignored/>
  </testcase> <!-- verifyClickingOnCancelBtnFailedStatusMessageShouldBeVisible -->
  <testcase name="verifyVisibilityOfElementsOnOTPPage" time="0.0" classname="Tests.HomePageTest">
    <ignored/>
  </testcase> <!-- verifyVisibilityOfElementsOnOTPPage -->
  <testcase name="verifyOrderSummaryPopUp" time="0.0" classname="Tests.HomePageTest">
    <ignored/>
  </testcase> <!-- verifyOrderSummaryPopUp -->
  <testcase name="verifyAfterDetailsUserShouldRedirectsToNewPageTest" time="0.0" classname="Tests.HomePageTest">
    <ignored/>
  </testcase> <!-- verifyAfterDetailsUserShouldRedirectsToNewPageTest -->
  <testcase name="verifyPaymentSectionListTest" time="0.0" classname="Tests.HomePageTest">
    <ignored/>
  </testcase> <!-- verifyPaymentSectionListTest -->
  <testcase name="verifyIsTextDisplayedTest" time="0.0" classname="Tests.HomePageTest">
    <ignored/>
  </testcase> <!-- verifyIsTextDisplayedTest -->
  <testcase name="verifyClickingOnCheckBoxDiscountedValueShouldAppear" time="0.0" classname="Tests.HomePageTest">
    <ignored/>
  </testcase> <!-- verifyClickingOnCheckBoxDiscountedValueShouldAppear -->
  <testcase name="verifyFailedStatusMessageShouldBeVisible" time="0.0" classname="Tests.HomePageTest">
    <ignored/>
  </testcase> <!-- verifyFailedStatusMessageShouldBeVisible -->
  <testcase name="verifyClickingOnContinueBtnRedirectsUserToPaymentPage" time="0.0" classname="Tests.HomePageTest">
    <ignored/>
  </testcase> <!-- verifyClickingOnContinueBtnRedirectsUserToPaymentPage -->
  <testcase name="verifyBuyNowButtonRedirectsToCheckOutPopUpTest" time="0.0" classname="Tests.HomePageTest">
    <ignored/>
  </testcase> <!-- verifyBuyNowButtonRedirectsToCheckOutPopUpTest -->
</testsuite> <!-- Default test -->
